<?xml version="1.0" encoding="utf-8"?>
<log version="1.0" tool="runtool">

<msg id="1" tool="runtool">
  <type>log-start</type>
  <arg>2025/05/20 18:46:51</arg>
</msg>
<msg id="2" tool="runtool">
  <type>bandwidth-measurement-starts</type>
</msg>
<msg id="3" tool="runtool">
  <type>bandwidth-measurement-done</type>
</msg>
<msg id="4" tool="runtool">
  <type>collector-starts</type>
</msg>
<msg id="5" tool="runtool">
  <type>marker-file</type>
  <arg>/users/cp2025/cp2025_093/lab3/lab1/my_roofline3/e000/trc000/trc000.advixe</arg>
</msg>
<msg id="6" tool="trc">
  <type>PROCESS_START</type>
  <arg>/users/cp2025/cp2025_093/lab3/lab1/tiny_md</arg>
  <arg>248555</arg>
  <severity>INFO</severity>
  <timestamp>Tue May 20 18:47:25 2025</timestamp>
</msg>
<msg id="7" tool="trc">
  <type>PROCESS_ANALYSIS_MODE</type>
  <arg>full</arg>
  <severity>INFO</severity>
  <timestamp>Tue May 20 18:47:25 2025</timestamp>
</msg>
<msg id="8" tool="trc">
  <type>LOAD_MODULE</type>
  <arg>/users/cp2025/cp2025_093/lab3/lab1/tiny_md</arg>
  <arg>0x558c7f150000</arg>
  <arg>0x558c7f1550af</arg>
  <arg>yes</arg>
  <severity>INFO</severity>
  <timestamp>Tue May 20 18:47:25 2025</timestamp>
</msg>
<msg id="9" tool="trc">
  <type>LOAD_MODULE</type>
  <arg>/lib64/ld-linux-x86-64.so.2</arg>
  <arg>0x7f70bf746000</arg>
  <arg>0x7f70bf77c2df</arg>
  <arg>no</arg>
  <severity>INFO</severity>
  <timestamp>Tue May 20 18:47:25 2025</timestamp>
</msg>
<msg id="10" tool="trc">
  <type>LOAD_MODULE</type>
  <arg>[vdso]</arg>
  <arg>0x7f70bf744000</arg>
  <arg>0x7f70bf74570e</arg>
  <arg>no</arg>
  <severity>INFO</severity>
  <timestamp>Tue May 20 18:47:25 2025</timestamp>
</msg>
<msg id="11" tool="trc">
  <type>LOAD_MODULE</type>
  <arg>/lib/x86_64-linux-gnu/libm.so.6</arg>
  <arg>0x7f70aa3ff000</arg>
  <arg>0x7f70aa4e4017</arg>
  <arg>no</arg>
  <severity>INFO</severity>
  <timestamp>Tue May 20 18:47:25 2025</timestamp>
</msg>
<msg id="12" tool="trc">
  <type>LOAD_MODULE</type>
  <arg>/lib/x86_64-linux-gnu/libgomp.so.1</arg>
  <arg>0x7f70aa2d3000</arg>
  <arg>0x7f70aa327a0f</arg>
  <arg>no</arg>
  <severity>INFO</severity>
  <timestamp>Tue May 20 18:47:25 2025</timestamp>
</msg>
<msg id="13" tool="trc">
  <type>LOAD_MODULE</type>
  <arg>/lib/x86_64-linux-gnu/libc.so.6</arg>
  <arg>0x7f70aa07c000</arg>
  <arg>0x7f70aa271dd7</arg>
  <arg>no</arg>
  <severity>INFO</severity>
  <timestamp>Tue May 20 18:47:25 2025</timestamp>
</msg>
<msg id="14" tool="trc">
  <type>UNLOAD_MODULE</type>
  <arg>/users/cp2025/cp2025_093/lab3/lab1/tiny_md</arg>
  <severity>INFO</severity>
  <timestamp>Tue May 20 18:48:11 2025</timestamp>
</msg>
<msg id="15" tool="trc">
  <type>UNLOAD_MODULE</type>
  <arg>/lib64/ld-linux-x86-64.so.2</arg>
  <severity>INFO</severity>
  <timestamp>Tue May 20 18:48:11 2025</timestamp>
</msg>
<msg id="16" tool="trc">
  <type>UNLOAD_MODULE</type>
  <arg>[vdso]</arg>
  <severity>INFO</severity>
  <timestamp>Tue May 20 18:48:11 2025</timestamp>
</msg>
<msg id="17" tool="trc">
  <type>UNLOAD_MODULE</type>
  <arg>/lib/x86_64-linux-gnu/libm.so.6</arg>
  <severity>INFO</severity>
  <timestamp>Tue May 20 18:48:11 2025</timestamp>
</msg>
<msg id="18" tool="trc">
  <type>UNLOAD_MODULE</type>
  <arg>/lib/x86_64-linux-gnu/libgomp.so.1</arg>
  <severity>INFO</severity>
  <timestamp>Tue May 20 18:48:11 2025</timestamp>
</msg>
<msg id="19" tool="trc">
  <type>UNLOAD_MODULE</type>
  <arg>/lib/x86_64-linux-gnu/libc.so.6</arg>
  <severity>INFO</severity>
  <timestamp>Tue May 20 18:48:11 2025</timestamp>
</msg>
<msg id="20" tool="trc">
  <type>PROCESS_FINISH</type>
  <arg>/users/cp2025/cp2025_093/lab3/lab1/tiny_md</arg>
  <arg>248555</arg>
  <arg>0x0</arg>
  <severity>INFO</severity>
  <timestamp>Tue May 20 18:48:11 2025</timestamp>
</msg>
<msg id="21" tool="runtool">
  <type>app-exit-code</type>
  <arg>0</arg>
</msg>
<msg id="22" tool="runtool">
  <type>marker-file</type>
  <arg>/users/cp2025/cp2025_093/lab3/lab1/my_roofline3/e000/trc000/trc000.advixe</arg>
</msg>
<msg id="23" tool="runtool">
  <type>collector-done</type>
</msg>
<msg id="24" tool="runtool">
  <type>log-end</type>
  <arg>2025/05/20 18:48:15</arg>
</msg>

</log>

