24 [139802247134272] INFO perfrun.launcher <> - Launcher main begin
24 [139802247134272] INFO perfrun.launcher <> - MessageCatalogInit finished
24 [139802247134272] INFO perfrun.launcher <> - Launcher instance created
24 [139802247134272] INFO perfrun.launcher <> - argc = 6; cmdline = /opt/intel/oneapi/advisor/2023.2.0/bin64/advixe-runss -dump-vdso -r /tmp/advixe-tmp-cp2025_093/advixe-res-2629168-4424734081631053 --tmp-dir /tmp/advixe-tmp-cp2025_093 
79 [139802247134272] INFO perfrun.launcher <> - create msngr2::ICliToolContext
82 [139802247134272] INFO perfrun.launcher <> - create file finder object
86 [139802095642304] INFO perfrun.launcher <> - plugin [remoteplug] was disabled because it doesn't support the given collection type.
86 [139802095642304] INFO perfrun.launcher <> - plugin [system] was disabled because it doesn't support the given collection type.
86 [139802095642304] INFO perfrun.vdso <> - dumping [vdso] pseudomodule
87 [139802095642304] INFO perfrun.launcher <> - plugin [itt] was disabled because it doesn't support the given collection type.
87 [139802095642304] INFO perfrun.launcher <> - plugin [] was disabled because it doesn't support the given collection type.
87 [139802095642304] INFO perfrun.launcher <> - plugin [gpu] was disabled because it doesn't support the given collection type.
87 [139802095642304] INFO perfrun.launcher <> - plugin [] was disabled because it doesn't support the given collection type.
87 [139802095642304] INFO perfrun.launcher <> - plugin [] was disabled because it doesn't support the given collection type.
87 [139802095642304] INFO perfrun.launcher <> - plugin [] was disabled because it doesn't support the given collection type.
87 [139802095642304] INFO perfrun.launcher <> - plugin [mrte] was disabled because it doesn't support the given collection type.
87 [139802095642304] INFO perfrun.launcher <> - plugin [] was disabled because it doesn't support the given collection type.
87 [139802095642304] INFO perfrun.launcher <> - plugin [] was disabled because it doesn't support the given collection type.
87 [139802095642304] INFO perfrun.launcher <> - plugin [] was disabled because it doesn't support the given collection type.
87 [139802095642304] INFO perfrun.launcher <> - plugin [] was disabled because it doesn't support the given collection type.
87 [139802095642304] INFO perfrun.launcher <> - plugin [] was disabled because it doesn't support the given collection type.
87 [139802095642304] INFO perfrun.launcher <> - plugin [] was disabled because it doesn't support the given collection type.
87 [139802095642304] INFO perfrun.launcher <> - plugin [] was disabled because it doesn't support the given collection type.
87 [139802095642304] INFO perfrun.launcher <> - plugin [tpss] was disabled because it doesn't support the given collection type.
87 [139802095642304] INFO perfrun.launcher <> - plugin [] was disabled because it doesn't support the given collection type.
87 [139802095642304] INFO perfrun.launcher <> - plugin [] was disabled because it doesn't support the given collection type.
87 [139802095642304] INFO perfrun.launcher <> - plugin [] was disabled because it doesn't support the given collection type.
87 [139802095642304] INFO perfrun.launcher <> - plugin [] was disabled because it doesn't support the given collection type.
87 [139802095642304] INFO perfrun.launcher <> - plugin [] was disabled because it doesn't support the given collection type.
87 [139802095642304] INFO perfrun.launcher <> - plugin [] was disabled because it doesn't support the given collection type.
87 [139802095642304] INFO perfrun.launcher <> - plugin [] was disabled because it doesn't support the given collection type.
87 [139802095642304] INFO perfrun.launcher <> - plugin [] was disabled because it doesn't support the given collection type.
87 [139802095642304] INFO perfrun.launcher <> - plugin [] was disabled because it doesn't support the given collection type.
87 [139802247134272] INFO perfrun.launcher <> - Application exit code: 0
87 [139802247134272] INFO perfrun.launcher <> - Exit code: 0
