15 [139970262939584] INFO perfrun.launcher <> - Launcher main begin
16 [139970262939584] INFO perfrun.launcher <> - MessageCatalogInit finished
16 [139970262939584] INFO perfrun.launcher <> - Launcher instance created
16 [139970262939584] INFO perfrun.launcher <> - argc = 7; cmdline = /opt/intel/oneapi/advisor/2023.2.0/bin64/advixe-runss --ui-output-format xml --ui-output-fd 6 --option-file /users/cp2025/cp2025_093/lab3/lab1/my_roofline/e000/hs004/config/runss.options 
60 [139970262939584] INFO perfrun.launcher <> - create msngr2::ICliToolContext
61 [139970262939584] INFO perfrun.launcher <> - create file finder object
61 [139970262939584] INFO perfrun.launcher <> - create a result directory: pattern = /users/cp2025/cp2025_093/lab3/lab1/my_roofline/e000/hs004 pid = 4294967295
63 [139970262939584] INFO perfrun.sdk <> - checked that the directory /users/cp2025/cp2025_093/lab3/lab1/my_roofline/e000/hs004 is a local directory
63 [139970262939584] INFO perfrun.sdk <> - the directory /users/cp2025/cp2025_093/lab3/lab1/my_roofline/e000/hs004 is located on a share or its FS ID is unknown 801189825
63 [139970262939584] INFO perfrun.sdk <> - checked that the directory /tmp/advixe-tmp-cp2025_093 is a local directory
63 [139970262939584] INFO perfrun.sdk <> - the directory /tmp/advixe-tmp-cp2025_093 is a local directory with FS type ID 16914836
64 [139970262939584] INFO perfrun.launcher <> - Create a local result directory /tmp/advixe-tmp-cp2025_093/advixe-res-2629168-4424734081631053 due to the user result path /users/cp2025/cp2025_093/lab3/lab1/my_roofline/e000/hs004 is located on a share
64 [139970262939584] INFO perfrun.launcher <> - create data directory = /tmp/advixe-tmp-cp2025_093/advixe-res-2629168-4424734081631053/data.0
64 [139970262939584] INFO perfrun.launcher <> - create data directory = /users/cp2025/cp2025_093/lab3/lab1/my_roofline/e000/hs004/data.0
64 [139970262939584] INFO perfrun.launcher <> - Creating the master collection flag
64 [139970262939584] INFO perfrun.launcher <> - Done creating the master collection flag
69 [139970111071936] INFO perfrun.launcher <> - plugin [remoteplug] was disabled because it doesn't support the given collection type.
70 [139970111071936] INFO perfrun.sdk <> - Allocating TMU :/tmp/advixe-tmp-cp2025_093/advixe-res-2629168-4424734081631053/data.0/systemcollector-2629168-atom.sc
70 [139970111071936] INFO perfrun.launcher <> - plugin [] was disabled because it doesn't support the given collection type.
70 [139970111071936] INFO perfrun.launcher <> - plugin [gpu] was disabled because it doesn't support the given collection type.
70 [139970111071936] INFO perfrun.launcher <> - plugin [] was disabled because it doesn't support the given collection type.
70 [139970111071936] INFO perfrun.launcher <> - plugin [] was disabled because it doesn't support the given collection type.
70 [139970111071936] INFO perfrun.launcher <> - plugin [] was disabled because it doesn't support the given collection type.
70 [139970111071936] INFO perfrun.mrte <> - system-wide mode is 0
70 [139970111071936] INFO perfrun.mrte <> - Getting  mrte profiling environment ...
77 [139970111071936] INFO perfrun.mrte <> - INTEL_MRTE_DATA_DIR=/tmp/advixe-tmp-cp2025_093/advixe-res-2629168-4424734081631053/data.0
77 [139970111071936] INFO perfrun.mrte <> - INTEL_MRTE_HOST_NAME=atom
77 [139970111071936] INFO perfrun.mrte <> - JAVA_TOOL_OPTIONS=-agentlib:advixe_tpssmrte_javaprof_1.0 -Dsun.boot.library.path=/opt/intel/oneapi/advisor/2023.2.0/lib32/runtime:/opt/intel/oneapi/advisor/2023.2.0/lib64/runtime
77 [139970111071936] INFO perfrun.mrte <> - LD_LIBRARY_PATH=/opt/intel/oneapi/advisor/2023.2.0/lib32/runtime:/opt/intel/oneapi/advisor/2023.2.0/lib64/runtime:/opt/intel/oneapi/tbb/2021.10.0/env/../lib/intel64/gcc4.8:/opt/intel/oneapi/mpi/2021.10.0//libfabric/lib:/opt/intel/oneapi/mpi/2021.10.0//lib/release:/opt/intel/oneapi/mpi/2021.10.0//lib:/opt/intel/oneapi/mkl/2023.2.0/lib/intel64:/opt/intel/oneapi/itac/2021.10.0/slib:/opt/intel/oneapi/ipp/2021.9.0/lib/intel64:/opt/intel/oneapi/ippcp/2021.8.0/lib/intel64:/opt/intel/oneapi/ipp/2021.9.0/lib/intel64:/opt/intel/oneapi/dnnl/2023.2.0/cpu_dpcpp_gpu_dpcpp/lib:/opt/intel/oneapi/debugger/2023.2.0/gdb/intel64/lib:/opt/intel/oneapi/debugger/2023.2.0/libipt/intel64/lib:/opt/intel/oneapi/debugger/2023.2.0/dep/lib:/opt/intel/oneapi/dal/2023.2.0/lib/intel64:/opt/intel/oneapi/compiler/2023.2.1/linux/lib:/opt/intel/oneapi/compiler/2023.2.1/linux/lib/x64:/opt/intel/oneapi/compiler/2023.2.1/linux/lib/oclfpga/host/linux64/lib:/opt/intel/oneapi/compiler/2023.2.1/linux/compiler/lib/intel64_lin:/opt/intel/oneapi/ccl/2021.10.0/lib/cpu_gpu_dpcpp
77 [139970111071936] INFO perfrun.mrte <> - Data directory: /tmp/advixe-tmp-cp2025_093/advixe-res-2629168-4424734081631053/data.0
77 [139970111071936] INFO perfrun.mrte <> - Mrte plugin is initialized
77 [139970111071936] INFO perfrun.launcher <> - plugin [] was disabled because it doesn't support the given collection type.
77 [139970111071936] INFO perfrun.launcher <> - plugin [] was disabled because it doesn't support the given collection type.
77 [139970111071936] INFO perfrun.launcher <> - plugin [] was disabled because it doesn't support the given collection type.
77 [139970111071936] INFO perfrun.launcher <> - plugin [] was disabled because it doesn't support the given collection type.
77 [139970111071936] INFO perfrun.launcher <> - plugin [] was disabled because it doesn't support the given collection type.
77 [139970111071936] INFO perfrun.launcher <> - plugin [] was disabled because it doesn't support the given collection type.
77 [139970111071936] INFO perfrun.launcher <> - plugin [] was disabled because it doesn't support the given collection type.
77 [139970111071936] INFO perfrun.tpss <> - initialize tpss controller
77 [139970111071936] INFO perfrun.tpss <> - configure collection mode: value = cpu:stack
77 [139970111071936] INFO perfrun.tpss <> - default obj-size-min=1024
77 [139970111071936] INFO perfrun.tpss <> - default hash-table-size=0
77 [139970111071936] INFO perfrun.launcher <> - plugin [] was disabled because it doesn't support the given collection type.
77 [139970111071936] INFO perfrun.launcher <> - plugin [] was disabled because it doesn't support the given collection type.
77 [139970111071936] INFO perfrun.launcher <> - plugin [] was disabled because it doesn't support the given collection type.
77 [139970111071936] INFO perfrun.launcher <> - plugin [] was disabled because it doesn't support the given collection type.
77 [139970111071936] INFO perfrun.launcher <> - plugin [] was disabled because it doesn't support the given collection type.
77 [139970111071936] INFO perfrun.launcher <> - plugin [] was disabled because it doesn't support the given collection type.
77 [139970111071936] INFO perfrun.launcher <> - plugin [] was disabled because it doesn't support the given collection type.
77 [139970111071936] INFO perfrun.launcher <> - plugin [] was disabled because it doesn't support the given collection type.
77 [139970111071936] INFO perfrun.launcher <> - plugin [] was disabled because it doesn't support the given collection type.
82 [139970262939584] INFO perfrun.launcher <> - set environment variable: LD_LIBRARY_PATH = /opt/intel/oneapi/advisor/2023.2.0/lib32/runtime:/opt/intel/oneapi/advisor/2023.2.0/lib64/runtime:/opt/intel/oneapi/tbb/2021.10.0/env/../lib/intel64/gcc4.8:/opt/intel/oneapi/mpi/2021.10.0//libfabric/lib:/opt/intel/oneapi/mpi/2021.10.0//lib/release:/opt/intel/oneapi/mpi/2021.10.0//lib:/opt/intel/oneapi/mkl/2023.2.0/lib/intel64:/opt/intel/oneapi/itac/2021.10.0/slib:/opt/intel/oneapi/ipp/2021.9.0/lib/intel64:/opt/intel/oneapi/ippcp/2021.8.0/lib/intel64:/opt/intel/oneapi/ipp/2021.9.0/lib/intel64:/opt/intel/oneapi/dnnl/2023.2.0/cpu_dpcpp_gpu_dpcpp/lib:/opt/intel/oneapi/debugger/2023.2.0/gdb/intel64/lib:/opt/intel/oneapi/debugger/2023.2.0/libipt/intel64/lib:/opt/intel/oneapi/debugger/2023.2.0/dep/lib:/opt/intel/oneapi/dal/2023.2.0/lib/intel64:/opt/intel/oneapi/compiler/2023.2.1/linux/lib:/opt/intel/oneapi/compiler/2023.2.1/linux/lib/x64:/opt/intel/oneapi/compiler/2023.2.1/linux/lib/oclfpga/host/linux64/lib:/opt/intel/oneapi/compiler/2023.2.1/linux/compiler/lib/intel64_lin:/opt/intel/oneapi/ccl/2021.10.0/lib/cpu_gpu_dpcpp
82 [139970262939584] INFO perfrun.launcher <> - set environment variable: INTEL_LIBITTNOTIFY32 = /opt/intel/oneapi/advisor/2023.2.0/lib32/runtime/libittnotify_collector.so
82 [139970262939584] INFO perfrun.launcher <> - set environment variable: INTEL_LIBITTNOTIFY64 = /opt/intel/oneapi/advisor/2023.2.0/lib64/runtime/libittnotify_collector.so
82 [139970262939584] INFO perfrun.launcher <> - set environment variable: INTEL_ITTNOTIFY_GROUPS = 
82 [139970262939584] INFO perfrun.launcher <> - set environment variable: INTEL_JIT_PROFILER32 = /opt/intel/oneapi/advisor/2023.2.0/lib32/runtime/libittnotify_collector.so
82 [139970262939584] INFO perfrun.launcher <> - set environment variable: INTEL_JIT_PROFILER64 = /opt/intel/oneapi/advisor/2023.2.0/lib64/runtime/libittnotify_collector.so
82 [139970262939584] INFO perfrun.launcher <> - set environment variable: ENABLE_JITPROFILING = 1
82 [139970262939584] INFO perfrun.launcher <> - set environment variable: CL_CONFIG_USE_VTUNE = True
82 [139970262939584] INFO perfrun.launcher <> - set environment variable: KMP_FORKJOIN_FRAMES = 0
82 [139970262939584] INFO perfrun.launcher <> - set environment variable: KMP_FORKJOIN_FRAMES_MODE = 0
83 [139970262939584] INFO perfrun.launcher <> - set environment variable: INTEL_MRTE_DATA_DIR = /tmp/advixe-tmp-cp2025_093/advixe-res-2629168-4424734081631053/data.0
83 [139970262939584] INFO perfrun.launcher <> - set environment variable: INTEL_MRTE_HOST_NAME = atom
83 [139970262939584] INFO perfrun.launcher <> - set environment variable: JAVA_TOOL_OPTIONS = -agentlib:advixe_tpssmrte_javaprof_1.0 -Dsun.boot.library.path=/opt/intel/oneapi/advisor/2023.2.0/lib32/runtime:/opt/intel/oneapi/advisor/2023.2.0/lib64/runtime
83 [139970262939584] INFO perfrun.launcher <> - set environment variable: LD_LIBRARY_PATH = /opt/intel/oneapi/advisor/2023.2.0/lib32/runtime:/opt/intel/oneapi/advisor/2023.2.0/lib64/runtime:/opt/intel/oneapi/tbb/2021.10.0/env/../lib/intel64/gcc4.8:/opt/intel/oneapi/mpi/2021.10.0//libfabric/lib:/opt/intel/oneapi/mpi/2021.10.0//lib/release:/opt/intel/oneapi/mpi/2021.10.0//lib:/opt/intel/oneapi/mkl/2023.2.0/lib/intel64:/opt/intel/oneapi/itac/2021.10.0/slib:/opt/intel/oneapi/ipp/2021.9.0/lib/intel64:/opt/intel/oneapi/ippcp/2021.8.0/lib/intel64:/opt/intel/oneapi/ipp/2021.9.0/lib/intel64:/opt/intel/oneapi/dnnl/2023.2.0/cpu_dpcpp_gpu_dpcpp/lib:/opt/intel/oneapi/debugger/2023.2.0/gdb/intel64/lib:/opt/intel/oneapi/debugger/2023.2.0/libipt/intel64/lib:/opt/intel/oneapi/debugger/2023.2.0/dep/lib:/opt/intel/oneapi/dal/2023.2.0/lib/intel64:/opt/intel/oneapi/compiler/2023.2.1/linux/lib:/opt/intel/oneapi/compiler/2023.2.1/linux/lib/x64:/opt/intel/oneapi/compiler/2023.2.1/linux/lib/oclfpga/host/linux64/lib:/opt/intel/oneapi/compiler/2023.2.1/linux/compiler/lib/intel64_lin:/opt/intel/oneapi/ccl/2021.10.0/lib/cpu_gpu_dpcpp
83 [139970262939584] INFO perfrun.launcher <> - RpcServer: run RPC server to handle requests
83 [139970262939584] INFO perfrun.launcher <> - Launcher: command line to start before modification = ./tiny_md
83 [139970262939584] INFO perfrun.launcher <> - Launcher: command line to start after modification = /opt/intel/oneapi/advisor/2023.2.0/bin64/pin -error_file /tmp/advixe-tmp-cp2025_093/advixe-res-2629168-4424734081631053/data.0/pinerr.tpsslog -detach_reattach -follow_execv -tool_load_option deepbind -t64 /opt/intel/oneapi/advisor/2023.2.0/lib64/libtpsstool.so -t /opt/intel/oneapi/advisor/2023.2.0/lib32/libtpsstool.so -server_name tpss_ipc.2629168 -prd_dir /opt/intel/oneapi/advisor/2023.2.0 -- ./tiny_md
83 [139970262939584] INFO perfrun.launcher <> - ProcessCreator object was created
84 [139970262939584] INFO perfrun.launcher <> - Launcher: the process was started in suspend mode
89 [139970111071936] WARN perfrun.system <> - Could not do anything with /sys/kernel/debug/kvm: boost::filesystem::status: Permission denied: "/sys/kernel/debug/kvm", at file: vcs/perfrun1/plugins/system/src/trace_writer.cpp:787
89 [139970111071936] WARN perfrun.system <> - Folder "/var/run/libvirt/qemu/"doesn't exist, at file: vcs/perfrun1/plugins/system/src/trace_writer.cpp:800
93 [139970111071936] WARN perfrun.sdk <> - Failed to find xl binary on any of the system paths: /bin, /sbin, /usr/bin, /usr/sbin., at file: vcs/perfrun1/sdk/src/utils.cpp:204
98 [139970111071936] INFO perfrun.vdso <> - Helper runtool '/opt/intel/oneapi/advisor/2023.2.0/bin32/advixe-runss -dump-vdso -r /tmp/advixe-tmp-cp2025_093/advixe-res-2629168-4424734081631053 --tmp-dir /tmp/advixe-tmp-cp2025_093' returned 1
204 [139970111071936] INFO perfrun.vdso <> - Helper runtool '/opt/intel/oneapi/advisor/2023.2.0/bin64/advixe-runss -dump-vdso -r /tmp/advixe-tmp-cp2025_093/advixe-res-2629168-4424734081631053 --tmp-dir /tmp/advixe-tmp-cp2025_093' returned 0
204 [139970111071936] INFO perfrun.itt <> - start itt controller for pid #2629189
205 [139970111071936] INFO perfrun.tpss <> - start tpss controller for pid #2629189
255 [139970262939584] INFO perfrun.launcher <> - Launcher: all plugins were started
255 [139970262939584] INFO perfrun.launcher <> - DirectoryMonitor object was created
255 [139970262939584] INFO perfrun.launcher <> - DirectoryMonitor: a callback was added
255 [139970262939584] INFO perfrun.launcher <> - DirectoryMonitor was started with pingTime = 1000
255 [139970262939584] INFO perfrun.launcher <> - DeadlineTimer is going to be constructed
255 [139970262939584] INFO perfrun.launcher <> - DeadlineTimer: a callback was added
257 [139970262939584] INFO perfrun.launcher <> - Launcher: resume the profiled application and  wait its termination or stop command
33346 [139970262939584] INFO perfrun.launcher <> - Launcher: the profiled application was terminated  with exit code = 0
33356 [139970111071936] INFO perfrun.itt <> - detach itt controller
33356 [139970111071936] INFO perfrun.itt <> - detach itt controller done
33356 [139970111071936] INFO perfrun.tpss <> - stop tpss controller
33357 [139970111071936] INFO perfrun.sdk <> - De-allocating TMU: /tmp/advixe-tmp-cp2025_093/advixe-res-2629168-4424734081631053/data.0/systemcollector-2629168-atom.sc
33357 [139970111071936] INFO perfrun.system <> - closed the system trace file: /tmp/advixe-tmp-cp2025_093/advixe-res-2629168-4424734081631053/data.0/systemcollector-2629168-atom.sc
33357 [139970262939584] INFO perfrun.launcher <> - Launcher: all plugins were stopped.
33357 [139970262939584] INFO perfrun.launcher <> - DeadlineTimer is going to be destroyed
33357 [139970262939584] INFO perfrun.launcher <> - DeadlineTimer was destroyed
33357 [139970262939584] INFO perfrun.launcher <> - DirectoryMonitor object was destroyed
33357 [139970262939584] WARN perfrun.launcher <> - Stop command is ignored because it is received when collection is already stopped, at file: vcs/perfrun1/launcher/src/command_handler.cpp:226
33372 [139970262939584] INFO perfrun.launcher <> - Application exit code: 0
33372 [139970262939584] INFO perfrun.launcher <> - Exit code: 0
