<?xml version="1.0" encoding="utf-8"?>
<log version="1.0" tool="runtool">

<msg id="1" tool="runtool">
  <type>log-start</type>
  <arg>2025/05/19 16:25:18</arg>
</msg>
<msg id="2" tool="runtool">
  <type>bandwidth-measurement-starts</type>
</msg>
<msg id="3" tool="runtool">
  <type>bandwidth-measurement-done</type>
</msg>
<msg id="4" tool="runtool">
  <type>collector-starts</type>
</msg>
<msg id="5" tool="runtool">
  <type>marker-file</type>
  <arg>/users/cp2025/cp2025_093/lab3/lab1/my_roofline/e000/trc000/trc000.advixe</arg>
</msg>
<msg id="6" tool="trc">
  <type>PROCESS_START</type>
  <arg>/users/cp2025/cp2025_093/lab3/lab1/tiny_md</arg>
  <arg>2633522</arg>
  <severity>INFO</severity>
  <timestamp>Mon May 19 16:25:36 2025</timestamp>
</msg>
<msg id="7" tool="trc">
  <type>PROCESS_ANALYSIS_MODE</type>
  <arg>full</arg>
  <severity>INFO</severity>
  <timestamp>Mon May 19 16:25:36 2025</timestamp>
</msg>
<msg id="8" tool="trc">
  <type>LOAD_MODULE</type>
  <arg>/users/cp2025/cp2025_093/lab3/lab1/tiny_md</arg>
  <arg>0x556cb7a9c000</arg>
  <arg>0x556cb7aa10af</arg>
  <arg>yes</arg>
  <severity>INFO</severity>
  <timestamp>Mon May 19 16:25:36 2025</timestamp>
</msg>
<msg id="9" tool="trc">
  <type>LOAD_MODULE</type>
  <arg>/lib64/ld-linux-x86-64.so.2</arg>
  <arg>0x7f7371f28000</arg>
  <arg>0x7f7371f5e2df</arg>
  <arg>no</arg>
  <severity>INFO</severity>
  <timestamp>Mon May 19 16:25:36 2025</timestamp>
</msg>
<msg id="10" tool="trc">
  <type>LOAD_MODULE</type>
  <arg>[vdso]</arg>
  <arg>0x7f7371f26000</arg>
  <arg>0x7f7371f2770e</arg>
  <arg>no</arg>
  <severity>INFO</severity>
  <timestamp>Mon May 19 16:25:36 2025</timestamp>
</msg>
<msg id="11" tool="trc">
  <type>LOAD_MODULE</type>
  <arg>/lib/x86_64-linux-gnu/libm.so.6</arg>
  <arg>0x7f735cc36000</arg>
  <arg>0x7f735cd1b017</arg>
  <arg>no</arg>
  <severity>INFO</severity>
  <timestamp>Mon May 19 16:25:36 2025</timestamp>
</msg>
<msg id="12" tool="trc">
  <type>LOAD_MODULE</type>
  <arg>/lib/x86_64-linux-gnu/libgomp.so.1</arg>
  <arg>0x7f735cae4000</arg>
  <arg>0x7f735cb38a0f</arg>
  <arg>no</arg>
  <severity>INFO</severity>
  <timestamp>Mon May 19 16:25:36 2025</timestamp>
</msg>
<msg id="13" tool="trc">
  <type>LOAD_MODULE</type>
  <arg>/lib/x86_64-linux-gnu/libc.so.6</arg>
  <arg>0x7f735c88f000</arg>
  <arg>0x7f735ca84dd7</arg>
  <arg>no</arg>
  <severity>INFO</severity>
  <timestamp>Mon May 19 16:25:36 2025</timestamp>
</msg>
<msg id="14" tool="trc">
  <type>UNLOAD_MODULE</type>
  <arg>/users/cp2025/cp2025_093/lab3/lab1/tiny_md</arg>
  <severity>INFO</severity>
  <timestamp>Mon May 19 16:25:46 2025</timestamp>
</msg>
<msg id="15" tool="trc">
  <type>UNLOAD_MODULE</type>
  <arg>/lib64/ld-linux-x86-64.so.2</arg>
  <severity>INFO</severity>
  <timestamp>Mon May 19 16:25:46 2025</timestamp>
</msg>
<msg id="16" tool="trc">
  <type>UNLOAD_MODULE</type>
  <arg>[vdso]</arg>
  <severity>INFO</severity>
  <timestamp>Mon May 19 16:25:46 2025</timestamp>
</msg>
<msg id="17" tool="trc">
  <type>UNLOAD_MODULE</type>
  <arg>/lib/x86_64-linux-gnu/libm.so.6</arg>
  <severity>INFO</severity>
  <timestamp>Mon May 19 16:25:46 2025</timestamp>
</msg>
<msg id="18" tool="trc">
  <type>UNLOAD_MODULE</type>
  <arg>/lib/x86_64-linux-gnu/libgomp.so.1</arg>
  <severity>INFO</severity>
  <timestamp>Mon May 19 16:25:46 2025</timestamp>
</msg>
<msg id="19" tool="trc">
  <type>UNLOAD_MODULE</type>
  <arg>/lib/x86_64-linux-gnu/libc.so.6</arg>
  <severity>INFO</severity>
  <timestamp>Mon May 19 16:25:46 2025</timestamp>
</msg>
<msg id="20" tool="trc">
  <type>PROCESS_FINISH</type>
  <arg>/users/cp2025/cp2025_093/lab3/lab1/tiny_md</arg>
  <arg>2633522</arg>
  <arg>0x0</arg>
  <severity>INFO</severity>
  <timestamp>Mon May 19 16:25:46 2025</timestamp>
</msg>
<msg id="21" tool="runtool">
  <type>app-exit-code</type>
  <arg>0</arg>
</msg>
<msg id="22" tool="runtool">
  <type>marker-file</type>
  <arg>/users/cp2025/cp2025_093/lab3/lab1/my_roofline/e000/trc000/trc000.advixe</arg>
</msg>
<msg id="23" tool="runtool">
  <type>collector-done</type>
</msg>
<msg id="24" tool="runtool">
  <type>log-end</type>
  <arg>2025/05/19 16:25:49</arg>
</msg>

</log>

