<?xml version="1.0" encoding="utf-8" ?>
<!-- DO NOT EDIT THIS FILE -->

<log version='2.0' source='trc'>
	<msg id='1' display='false' source='trc'>
		<type>PROCESS_START</type>
		<severity>INFO</severity>
		<timestamp>Mon May 19 16:25:36 2025</timestamp>
		<arg name='process'>/users/cp2025/cp2025_093/lab3/lab1/tiny_md</arg>
		<arg name='pid'>2633522</arg>
	</msg>
	<!-- Instrumentation filter's state:
    Patterns applicability:
        Generic loop pattern.....................: disabled
        Generic loop pattern (with dynamic jumps): disabled
        Known trip value loop pattern............: disabled
        Runtime final value loop pattern.........: disabled
        No initial IV loop pattern...............: disabled
        IV step only loop pattern................: disabled
        No entry loop pattern....................: disabled
    Clustered memory model (CMM) applicability:
        Generic loop pattern.....................: enabled
        Generic loop pattern (with dynamic jumps): enabled
        Known trip value loop pattern............: enabled
        Runtime final value loop pattern.........: enabled
        No initial IV loop pattern...............: enabled
        IV step only loop pattern................: enabled
        No entry loop pattern....................: disabled
 -->
	<!-- Callstack mode:
    filter modules.........: true
    filter routines........: true
    count loops............: false
    count flops............: false
    trace..................: false
    extended trace.........: false
    omp trace..............: false
    jit trace..............: false
    failures trace.........: false
    dump raw...............: false
    dump final.............: false
    dump all...............: false
    stack stitching........: true
    stl profiling..........: true
    aggressive frame switch: true
    unwind frame exit......: true
    analyze child loops....: true
 -->
	<!-- Managed application profiling: -->
	<!-- 	State...................: enabled -->
	<!-- Gpu Profiling: -->
	<!-- 	State: disabled -->
	<msg id='2' display='false' source='trc'>
		<type>PROCESS_ANALYSIS_MODE</type>
		<severity>INFO</severity>
		<timestamp>Mon May 19 16:25:36 2025</timestamp>
		<arg name='mode'>full</arg>
	</msg>
	<!-- Update image info for [1:0x556CB7A9C000:YN] /users/cp2025/cp2025_093/lab3/lab1/tiny_md -->
	<msg id='3' display='false' source='trc'>
		<type>LOAD_MODULE</type>
		<severity>INFO</severity>
		<timestamp>Mon May 19 16:25:36 2025</timestamp>
		<arg name='module'>/users/cp2025/cp2025_093/lab3/lab1/tiny_md</arg>
		<arg name='basement'>0x556cb7a9c000</arg>
		<arg name='ceiling'>0x556cb7aa10af</arg>
		<arg name='symtab'>yes</arg>
	</msg>
	<!-- Instrumenting image: id = 1, name = /users/cp2025/cp2025_093/lab3/lab1/tiny_md -->
	<!-- Update image info for [2:0x7F7371F28000:NN] /lib64/ld-linux-x86-64.so.2 -->
	<msg id='4' display='false' source='trc'>
		<type>LOAD_MODULE</type>
		<severity>INFO</severity>
		<timestamp>Mon May 19 16:25:36 2025</timestamp>
		<arg name='module'>/lib64/ld-linux-x86-64.so.2</arg>
		<arg name='basement'>0x7f7371f28000</arg>
		<arg name='ceiling'>0x7f7371f5e2df</arg>
		<arg name='symtab'>no</arg>
	</msg>
	<!-- Instrumentation of /lib64/ld-linux-x86-64.so.2 image skipped because of filter conditions [cs-mode]. -->
	<!-- Update image info for [3:0x7F7371F26000:NN] [vdso] -->
	<msg id='5' display='false' source='trc'>
		<type>LOAD_MODULE</type>
		<severity>INFO</severity>
		<timestamp>Mon May 19 16:25:36 2025</timestamp>
		<arg name='module'>[vdso]</arg>
		<arg name='basement'>0x7f7371f26000</arg>
		<arg name='ceiling'>0x7f7371f2770e</arg>
		<arg name='symtab'>no</arg>
	</msg>
	<!-- Instrumentation of [vdso] image skipped because of filter conditions [cs-mode]. -->
	<!-- Update image info for [4:0x7F735CC36000:NN] /lib/x86_64-linux-gnu/libm.so.6 -->
	<msg id='6' display='false' source='trc'>
		<type>LOAD_MODULE</type>
		<severity>INFO</severity>
		<timestamp>Mon May 19 16:25:36 2025</timestamp>
		<arg name='module'>/lib/x86_64-linux-gnu/libm.so.6</arg>
		<arg name='basement'>0x7f735cc36000</arg>
		<arg name='ceiling'>0x7f735cd1b017</arg>
		<arg name='symtab'>no</arg>
	</msg>
	<!-- Instrumentation of /lib/x86_64-linux-gnu/libm.so.6 image skipped because of filter conditions [cs-mode]. -->
	<!-- Update image info for [5:0x7F735CAE4000:NN] /lib/x86_64-linux-gnu/libgomp.so.1 -->
	<msg id='7' display='false' source='trc'>
		<type>LOAD_MODULE</type>
		<severity>INFO</severity>
		<timestamp>Mon May 19 16:25:36 2025</timestamp>
		<arg name='module'>/lib/x86_64-linux-gnu/libgomp.so.1</arg>
		<arg name='basement'>0x7f735cae4000</arg>
		<arg name='ceiling'>0x7f735cb38a0f</arg>
		<arg name='symtab'>no</arg>
	</msg>
	<!-- Instrumentation of /lib/x86_64-linux-gnu/libgomp.so.1 image skipped because of no symbols and stripped binaries profiling is disabled. -->
	<!-- Update image info for [6:0x7F735C88F000:NN] /lib/x86_64-linux-gnu/libc.so.6 -->
	<msg id='8' display='false' source='trc'>
		<type>LOAD_MODULE</type>
		<severity>INFO</severity>
		<timestamp>Mon May 19 16:25:36 2025</timestamp>
		<arg name='module'>/lib/x86_64-linux-gnu/libc.so.6</arg>
		<arg name='basement'>0x7f735c88f000</arg>
		<arg name='ceiling'>0x7f735ca84dd7</arg>
		<arg name='symtab'>no</arg>
	</msg>
	<!-- Instrumentation of /lib/x86_64-linux-gnu/libc.so.6 image skipped because of filter conditions. -->
	<msg id='9' display='false' source='trc'>
		<type>UNLOAD_MODULE</type>
		<severity>INFO</severity>
		<timestamp>Mon May 19 16:25:46 2025</timestamp>
		<arg name='module'>/users/cp2025/cp2025_093/lab3/lab1/tiny_md</arg>
	</msg>
	<msg id='10' display='false' source='trc'>
		<type>UNLOAD_MODULE</type>
		<severity>INFO</severity>
		<timestamp>Mon May 19 16:25:46 2025</timestamp>
		<arg name='module'>/lib64/ld-linux-x86-64.so.2</arg>
	</msg>
	<msg id='11' display='false' source='trc'>
		<type>UNLOAD_MODULE</type>
		<severity>INFO</severity>
		<timestamp>Mon May 19 16:25:46 2025</timestamp>
		<arg name='module'>[vdso]</arg>
	</msg>
	<msg id='12' display='false' source='trc'>
		<type>UNLOAD_MODULE</type>
		<severity>INFO</severity>
		<timestamp>Mon May 19 16:25:46 2025</timestamp>
		<arg name='module'>/lib/x86_64-linux-gnu/libm.so.6</arg>
	</msg>
	<msg id='13' display='false' source='trc'>
		<type>UNLOAD_MODULE</type>
		<severity>INFO</severity>
		<timestamp>Mon May 19 16:25:46 2025</timestamp>
		<arg name='module'>/lib/x86_64-linux-gnu/libgomp.so.1</arg>
	</msg>
	<msg id='14' display='false' source='trc'>
		<type>UNLOAD_MODULE</type>
		<severity>INFO</severity>
		<timestamp>Mon May 19 16:25:46 2025</timestamp>
		<arg name='module'>/lib/x86_64-linux-gnu/libc.so.6</arg>
	</msg>
	<msg id='15' display='false' source='trc'>
		<type>PROCESS_FINISH</type>
		<severity>INFO</severity>
		<timestamp>Mon May 19 16:25:46 2025</timestamp>
		<arg name='process'>/users/cp2025/cp2025_093/lab3/lab1/tiny_md</arg>
		<arg name='pid'>2633522</arg>
		<arg name='exitcode'>0x0</arg>
	</msg>
	<!-- Application exited with code 0 -->
</log>