15 [140305892973632] INFO perfrun.launcher <> - Launcher main begin
16 [140305892973632] INFO perfrun.launcher <> - MessageCatalogInit finished
16 [140305892973632] INFO perfrun.launcher <> - Launcher instance created
16 [140305892973632] INFO perfrun.launcher <> - argc = 6; cmdline = /opt/intel/oneapi/advisor/2023.2.0/bin64/advixe-runss -dump-vdso -r /tmp/advixe-tmp-cp2025_093/advixe-res-3227317-4445336202796093 --tmp-dir /tmp/advixe-tmp-cp2025_093 
66 [140305892973632] INFO perfrun.launcher <> - create msngr2::ICliToolContext
66 [140305892973632] INFO perfrun.launcher <> - create file finder object
71 [140305741375168] INFO perfrun.launcher <> - plugin [remoteplug] was disabled because it doesn't support the given collection type.
71 [140305741375168] INFO perfrun.launcher <> - plugin [system] was disabled because it doesn't support the given collection type.
71 [140305741375168] INFO perfrun.vdso <> - dumping [vdso] pseudomodule
72 [140305741375168] INFO perfrun.launcher <> - plugin [itt] was disabled because it doesn't support the given collection type.
72 [140305741375168] INFO perfrun.launcher <> - plugin [] was disabled because it doesn't support the given collection type.
72 [140305741375168] INFO perfrun.launcher <> - plugin [gpu] was disabled because it doesn't support the given collection type.
72 [140305741375168] INFO perfrun.launcher <> - plugin [] was disabled because it doesn't support the given collection type.
72 [140305741375168] INFO perfrun.launcher <> - plugin [] was disabled because it doesn't support the given collection type.
72 [140305741375168] INFO perfrun.launcher <> - plugin [] was disabled because it doesn't support the given collection type.
72 [140305741375168] INFO perfrun.launcher <> - plugin [mrte] was disabled because it doesn't support the given collection type.
72 [140305741375168] INFO perfrun.launcher <> - plugin [] was disabled because it doesn't support the given collection type.
72 [140305741375168] INFO perfrun.launcher <> - plugin [] was disabled because it doesn't support the given collection type.
72 [140305741375168] INFO perfrun.launcher <> - plugin [] was disabled because it doesn't support the given collection type.
72 [140305741375168] INFO perfrun.launcher <> - plugin [] was disabled because it doesn't support the given collection type.
72 [140305741375168] INFO perfrun.launcher <> - plugin [] was disabled because it doesn't support the given collection type.
72 [140305741375168] INFO perfrun.launcher <> - plugin [] was disabled because it doesn't support the given collection type.
72 [140305741375168] INFO perfrun.launcher <> - plugin [] was disabled because it doesn't support the given collection type.
72 [140305741375168] INFO perfrun.launcher <> - plugin [tpss] was disabled because it doesn't support the given collection type.
72 [140305741375168] INFO perfrun.launcher <> - plugin [] was disabled because it doesn't support the given collection type.
72 [140305741375168] INFO perfrun.launcher <> - plugin [] was disabled because it doesn't support the given collection type.
72 [140305741375168] INFO perfrun.launcher <> - plugin [] was disabled because it doesn't support the given collection type.
72 [140305741375168] INFO perfrun.launcher <> - plugin [] was disabled because it doesn't support the given collection type.
72 [140305741375168] INFO perfrun.launcher <> - plugin [] was disabled because it doesn't support the given collection type.
72 [140305741375168] INFO perfrun.launcher <> - plugin [] was disabled because it doesn't support the given collection type.
72 [140305741375168] INFO perfrun.launcher <> - plugin [] was disabled because it doesn't support the given collection type.
72 [140305741375168] INFO perfrun.launcher <> - plugin [] was disabled because it doesn't support the given collection type.
72 [140305741375168] INFO perfrun.launcher <> - plugin [] was disabled because it doesn't support the given collection type.
72 [140305892973632] INFO perfrun.launcher <> - Application exit code: 0
72 [140305892973632] INFO perfrun.launcher <> - Exit code: 0
