30 [140676268509120] INFO perfrun.launcher <> - Launcher main begin
31 [140676268509120] INFO perfrun.launcher <> - MessageCatalogInit finished
31 [140676268509120] INFO perfrun.launcher <> - Launcher instance created
31 [140676268509120] INFO perfrun.launcher <> - argc = 7; cmdline = /opt/intel/oneapi/advisor/2023.2.0/bin64/advixe-runss --ui-output-format xml --ui-output-fd 6 --option-file /users/cp2025/cp2025_093/lab3/lab1/my_roofline3/e000/hs000/config/runss.options 
105 [140676268509120] INFO perfrun.launcher <> - create msngr2::ICliToolContext
107 [140676268509120] INFO perfrun.launcher <> - create file finder object
107 [140676268509120] INFO perfrun.launcher <> - create a result directory: pattern = /users/cp2025/cp2025_093/lab3/lab1/my_roofline3/e000/hs000 pid = 4294967295
109 [140676268509120] INFO perfrun.sdk <> - checked that the directory /users/cp2025/cp2025_093/lab3/lab1/my_roofline3/e000/hs000 is a local directory
109 [140676268509120] INFO perfrun.sdk <> - the directory /users/cp2025/cp2025_093/lab3/lab1/my_roofline3/e000/hs000 is located on a share or its FS ID is unknown 801189825
109 [140676268509120] INFO perfrun.sdk <> - checked that the directory /tmp/advixe-tmp-cp2025_093 is a local directory
109 [140676268509120] INFO perfrun.sdk <> - the directory /tmp/advixe-tmp-cp2025_093 is a local directory with FS type ID 16914836
110 [140676268509120] INFO perfrun.launcher <> - Create a local result directory /tmp/advixe-tmp-cp2025_093/advixe-res-243859-4642997718774088 due to the user result path /users/cp2025/cp2025_093/lab3/lab1/my_roofline3/e000/hs000 is located on a share
110 [140676268509120] INFO perfrun.launcher <> - create data directory = /tmp/advixe-tmp-cp2025_093/advixe-res-243859-4642997718774088/data.0
110 [140676268509120] INFO perfrun.launcher <> - create data directory = /users/cp2025/cp2025_093/lab3/lab1/my_roofline3/e000/hs000/data.0
110 [140676268509120] INFO perfrun.launcher <> - Creating the master collection flag
113 [140676268509120] INFO perfrun.launcher <> - Done creating the master collection flag
118 [140676117292736] INFO perfrun.launcher <> - plugin [remoteplug] was disabled because it doesn't support the given collection type.
121 [140676117292736] INFO perfrun.sdk <> - Allocating TMU :/tmp/advixe-tmp-cp2025_093/advixe-res-243859-4642997718774088/data.0/systemcollector-243859-atom.sc
122 [140676117292736] INFO perfrun.launcher <> - plugin [] was disabled because it doesn't support the given collection type.
122 [140676117292736] INFO perfrun.launcher <> - plugin [gpu] was disabled because it doesn't support the given collection type.
122 [140676117292736] INFO perfrun.launcher <> - plugin [] was disabled because it doesn't support the given collection type.
122 [140676117292736] INFO perfrun.launcher <> - plugin [] was disabled because it doesn't support the given collection type.
122 [140676117292736] INFO perfrun.launcher <> - plugin [] was disabled because it doesn't support the given collection type.
122 [140676117292736] INFO perfrun.mrte <> - system-wide mode is 0
123 [140676117292736] INFO perfrun.mrte <> - Getting  mrte profiling environment ...
133 [140676117292736] INFO perfrun.mrte <> - INTEL_MRTE_DATA_DIR=/tmp/advixe-tmp-cp2025_093/advixe-res-243859-4642997718774088/data.0
134 [140676117292736] INFO perfrun.mrte <> - INTEL_MRTE_HOST_NAME=atom
134 [140676117292736] INFO perfrun.mrte <> - JAVA_TOOL_OPTIONS=-agentlib:advixe_tpssmrte_javaprof_1.0 -Dsun.boot.library.path=/opt/intel/oneapi/advisor/2023.2.0/lib32/runtime:/opt/intel/oneapi/advisor/2023.2.0/lib64/runtime
134 [140676117292736] INFO perfrun.mrte <> - LD_LIBRARY_PATH=/opt/intel/oneapi/advisor/2023.2.0/lib32/runtime:/opt/intel/oneapi/advisor/2023.2.0/lib64/runtime:/opt/intel/oneapi/tbb/2021.10.0/env/../lib/intel64/gcc4.8:/opt/intel/oneapi/mpi/2021.10.0//libfabric/lib:/opt/intel/oneapi/mpi/2021.10.0//lib/release:/opt/intel/oneapi/mpi/2021.10.0//lib:/opt/intel/oneapi/mkl/2023.2.0/lib/intel64:/opt/intel/oneapi/itac/2021.10.0/slib:/opt/intel/oneapi/ipp/2021.9.0/lib/intel64:/opt/intel/oneapi/ippcp/2021.8.0/lib/intel64:/opt/intel/oneapi/ipp/2021.9.0/lib/intel64:/opt/intel/oneapi/dnnl/2023.2.0/cpu_dpcpp_gpu_dpcpp/lib:/opt/intel/oneapi/debugger/2023.2.0/gdb/intel64/lib:/opt/intel/oneapi/debugger/2023.2.0/libipt/intel64/lib:/opt/intel/oneapi/debugger/2023.2.0/dep/lib:/opt/intel/oneapi/dal/2023.2.0/lib/intel64:/opt/intel/oneapi/compiler/2023.2.1/linux/lib:/opt/intel/oneapi/compiler/2023.2.1/linux/lib/x64:/opt/intel/oneapi/compiler/2023.2.1/linux/lib/oclfpga/host/linux64/lib:/opt/intel/oneapi/compiler/2023.2.1/linux/compiler/lib/intel64_lin:/opt/intel/oneapi/ccl/2021.10.0/lib/cpu_gpu_dpcpp
134 [140676117292736] INFO perfrun.mrte <> - Data directory: /tmp/advixe-tmp-cp2025_093/advixe-res-243859-4642997718774088/data.0
134 [140676117292736] INFO perfrun.mrte <> - Mrte plugin is initialized
134 [140676117292736] INFO perfrun.launcher <> - plugin [] was disabled because it doesn't support the given collection type.
134 [140676117292736] INFO perfrun.launcher <> - plugin [] was disabled because it doesn't support the given collection type.
135 [140676117292736] INFO perfrun.launcher <> - plugin [] was disabled because it doesn't support the given collection type.
135 [140676117292736] INFO perfrun.launcher <> - plugin [] was disabled because it doesn't support the given collection type.
135 [140676117292736] INFO perfrun.launcher <> - plugin [] was disabled because it doesn't support the given collection type.
135 [140676117292736] INFO perfrun.launcher <> - plugin [] was disabled because it doesn't support the given collection type.
135 [140676117292736] INFO perfrun.launcher <> - plugin [] was disabled because it doesn't support the given collection type.
135 [140676117292736] INFO perfrun.tpss <> - initialize tpss controller
135 [140676117292736] INFO perfrun.tpss <> - configure collection mode: value = cpu:stack
136 [140676117292736] INFO perfrun.tpss <> - default obj-size-min=1024
136 [140676117292736] INFO perfrun.tpss <> - default hash-table-size=0
136 [140676117292736] INFO perfrun.launcher <> - plugin [] was disabled because it doesn't support the given collection type.
136 [140676117292736] INFO perfrun.launcher <> - plugin [] was disabled because it doesn't support the given collection type.
136 [140676117292736] INFO perfrun.launcher <> - plugin [] was disabled because it doesn't support the given collection type.
136 [140676117292736] INFO perfrun.launcher <> - plugin [] was disabled because it doesn't support the given collection type.
136 [140676117292736] INFO perfrun.launcher <> - plugin [] was disabled because it doesn't support the given collection type.
136 [140676117292736] INFO perfrun.launcher <> - plugin [] was disabled because it doesn't support the given collection type.
136 [140676117292736] INFO perfrun.launcher <> - plugin [] was disabled because it doesn't support the given collection type.
137 [140676117292736] INFO perfrun.launcher <> - plugin [] was disabled because it doesn't support the given collection type.
137 [140676117292736] INFO perfrun.launcher <> - plugin [] was disabled because it doesn't support the given collection type.
137 [140676268509120] INFO perfrun.launcher <> - set environment variable: LD_LIBRARY_PATH = /opt/intel/oneapi/advisor/2023.2.0/lib32/runtime:/opt/intel/oneapi/advisor/2023.2.0/lib64/runtime:/opt/intel/oneapi/tbb/2021.10.0/env/../lib/intel64/gcc4.8:/opt/intel/oneapi/mpi/2021.10.0//libfabric/lib:/opt/intel/oneapi/mpi/2021.10.0//lib/release:/opt/intel/oneapi/mpi/2021.10.0//lib:/opt/intel/oneapi/mkl/2023.2.0/lib/intel64:/opt/intel/oneapi/itac/2021.10.0/slib:/opt/intel/oneapi/ipp/2021.9.0/lib/intel64:/opt/intel/oneapi/ippcp/2021.8.0/lib/intel64:/opt/intel/oneapi/ipp/2021.9.0/lib/intel64:/opt/intel/oneapi/dnnl/2023.2.0/cpu_dpcpp_gpu_dpcpp/lib:/opt/intel/oneapi/debugger/2023.2.0/gdb/intel64/lib:/opt/intel/oneapi/debugger/2023.2.0/libipt/intel64/lib:/opt/intel/oneapi/debugger/2023.2.0/dep/lib:/opt/intel/oneapi/dal/2023.2.0/lib/intel64:/opt/intel/oneapi/compiler/2023.2.1/linux/lib:/opt/intel/oneapi/compiler/2023.2.1/linux/lib/x64:/opt/intel/oneapi/compiler/2023.2.1/linux/lib/oclfpga/host/linux64/lib:/opt/intel/oneapi/compiler/2023.2.1/linux/compiler/lib/intel64_lin:/opt/intel/oneapi/ccl/2021.10.0/lib/cpu_gpu_dpcpp
137 [140676268509120] INFO perfrun.launcher <> - set environment variable: INTEL_LIBITTNOTIFY32 = /opt/intel/oneapi/advisor/2023.2.0/lib32/runtime/libittnotify_collector.so
137 [140676268509120] INFO perfrun.launcher <> - set environment variable: INTEL_LIBITTNOTIFY64 = /opt/intel/oneapi/advisor/2023.2.0/lib64/runtime/libittnotify_collector.so
137 [140676268509120] INFO perfrun.launcher <> - set environment variable: INTEL_ITTNOTIFY_GROUPS = 
137 [140676268509120] INFO perfrun.launcher <> - set environment variable: INTEL_JIT_PROFILER32 = /opt/intel/oneapi/advisor/2023.2.0/lib32/runtime/libittnotify_collector.so
137 [140676268509120] INFO perfrun.launcher <> - set environment variable: INTEL_JIT_PROFILER64 = /opt/intel/oneapi/advisor/2023.2.0/lib64/runtime/libittnotify_collector.so
138 [140676268509120] INFO perfrun.launcher <> - set environment variable: ENABLE_JITPROFILING = 1
138 [140676268509120] INFO perfrun.launcher <> - set environment variable: CL_CONFIG_USE_VTUNE = True
138 [140676268509120] INFO perfrun.launcher <> - set environment variable: KMP_FORKJOIN_FRAMES = 0
138 [140676268509120] INFO perfrun.launcher <> - set environment variable: KMP_FORKJOIN_FRAMES_MODE = 0
138 [140676268509120] INFO perfrun.launcher <> - set environment variable: INTEL_MRTE_DATA_DIR = /tmp/advixe-tmp-cp2025_093/advixe-res-243859-4642997718774088/data.0
138 [140676268509120] INFO perfrun.launcher <> - set environment variable: INTEL_MRTE_HOST_NAME = atom
138 [140676268509120] INFO perfrun.launcher <> - set environment variable: JAVA_TOOL_OPTIONS = -agentlib:advixe_tpssmrte_javaprof_1.0 -Dsun.boot.library.path=/opt/intel/oneapi/advisor/2023.2.0/lib32/runtime:/opt/intel/oneapi/advisor/2023.2.0/lib64/runtime
138 [140676268509120] INFO perfrun.launcher <> - set environment variable: LD_LIBRARY_PATH = /opt/intel/oneapi/advisor/2023.2.0/lib32/runtime:/opt/intel/oneapi/advisor/2023.2.0/lib64/runtime:/opt/intel/oneapi/tbb/2021.10.0/env/../lib/intel64/gcc4.8:/opt/intel/oneapi/mpi/2021.10.0//libfabric/lib:/opt/intel/oneapi/mpi/2021.10.0//lib/release:/opt/intel/oneapi/mpi/2021.10.0//lib:/opt/intel/oneapi/mkl/2023.2.0/lib/intel64:/opt/intel/oneapi/itac/2021.10.0/slib:/opt/intel/oneapi/ipp/2021.9.0/lib/intel64:/opt/intel/oneapi/ippcp/2021.8.0/lib/intel64:/opt/intel/oneapi/ipp/2021.9.0/lib/intel64:/opt/intel/oneapi/dnnl/2023.2.0/cpu_dpcpp_gpu_dpcpp/lib:/opt/intel/oneapi/debugger/2023.2.0/gdb/intel64/lib:/opt/intel/oneapi/debugger/2023.2.0/libipt/intel64/lib:/opt/intel/oneapi/debugger/2023.2.0/dep/lib:/opt/intel/oneapi/dal/2023.2.0/lib/intel64:/opt/intel/oneapi/compiler/2023.2.1/linux/lib:/opt/intel/oneapi/compiler/2023.2.1/linux/lib/x64:/opt/intel/oneapi/compiler/2023.2.1/linux/lib/oclfpga/host/linux64/lib:/opt/intel/oneapi/compiler/2023.2.1/linux/compiler/lib/intel64_lin:/opt/intel/oneapi/ccl/2021.10.0/lib/cpu_gpu_dpcpp
139 [140676268509120] INFO perfrun.launcher <> - RpcServer: run RPC server to handle requests
139 [140676268509120] INFO perfrun.launcher <> - Launcher: command line to start before modification = ./tiny_md
139 [140676268509120] INFO perfrun.launcher <> - Launcher: command line to start after modification = /opt/intel/oneapi/advisor/2023.2.0/bin64/pin -error_file /tmp/advixe-tmp-cp2025_093/advixe-res-243859-4642997718774088/data.0/pinerr.tpsslog -detach_reattach -follow_execv -tool_load_option deepbind -t64 /opt/intel/oneapi/advisor/2023.2.0/lib64/libtpsstool.so -t /opt/intel/oneapi/advisor/2023.2.0/lib32/libtpsstool.so -server_name tpss_ipc.243859 -prd_dir /opt/intel/oneapi/advisor/2023.2.0 -- ./tiny_md
139 [140676268509120] INFO perfrun.launcher <> - ProcessCreator object was created
141 [140676268509120] INFO perfrun.launcher <> - Launcher: the process was started in suspend mode
146 [140676117292736] WARN perfrun.system <> - Could not do anything with /sys/kernel/debug/kvm: boost::filesystem::status: Permission denied: "/sys/kernel/debug/kvm", at file: vcs/perfrun1/plugins/system/src/trace_writer.cpp:787
147 [140676117292736] WARN perfrun.system <> - Folder "/var/run/libvirt/qemu/"doesn't exist, at file: vcs/perfrun1/plugins/system/src/trace_writer.cpp:800
151 [140676117292736] WARN perfrun.sdk <> - Failed to find xl binary on any of the system paths: /bin, /sbin, /usr/bin, /usr/sbin., at file: vcs/perfrun1/sdk/src/utils.cpp:204
159 [140676117292736] INFO perfrun.vdso <> - Helper runtool '/opt/intel/oneapi/advisor/2023.2.0/bin32/advixe-runss -dump-vdso -r /tmp/advixe-tmp-cp2025_093/advixe-res-243859-4642997718774088 --tmp-dir /tmp/advixe-tmp-cp2025_093' returned 1
337 [140676117292736] INFO perfrun.vdso <> - Helper runtool '/opt/intel/oneapi/advisor/2023.2.0/bin64/advixe-runss -dump-vdso -r /tmp/advixe-tmp-cp2025_093/advixe-res-243859-4642997718774088 --tmp-dir /tmp/advixe-tmp-cp2025_093' returned 0
337 [140676117292736] INFO perfrun.itt <> - start itt controller for pid #243883
338 [140676117292736] INFO perfrun.tpss <> - start tpss controller for pid #243883
388 [140676268509120] INFO perfrun.launcher <> - Launcher: all plugins were started
388 [140676268509120] INFO perfrun.launcher <> - DirectoryMonitor object was created
388 [140676268509120] INFO perfrun.launcher <> - DirectoryMonitor: a callback was added
388 [140676268509120] INFO perfrun.launcher <> - DirectoryMonitor was started with pingTime = 1000
388 [140676268509120] INFO perfrun.launcher <> - DeadlineTimer is going to be constructed
388 [140676268509120] INFO perfrun.launcher <> - DeadlineTimer: a callback was added
393 [140676268509120] INFO perfrun.launcher <> - Launcher: resume the profiled application and  wait its termination or stop command
24590 [140676268509120] INFO perfrun.launcher <> - Launcher: the profiled application was terminated  with exit code = 0
24594 [140676117292736] INFO perfrun.itt <> - detach itt controller
24595 [140676117292736] INFO perfrun.itt <> - detach itt controller done
24595 [140676117292736] INFO perfrun.tpss <> - stop tpss controller
24595 [140676117292736] INFO perfrun.sdk <> - De-allocating TMU: /tmp/advixe-tmp-cp2025_093/advixe-res-243859-4642997718774088/data.0/systemcollector-243859-atom.sc
24595 [140676117292736] INFO perfrun.system <> - closed the system trace file: /tmp/advixe-tmp-cp2025_093/advixe-res-243859-4642997718774088/data.0/systemcollector-243859-atom.sc
24595 [140676268509120] INFO perfrun.launcher <> - Launcher: all plugins were stopped.
24596 [140676268509120] INFO perfrun.launcher <> - DeadlineTimer is going to be destroyed
24596 [140676268509120] INFO perfrun.launcher <> - DeadlineTimer was destroyed
24596 [140676268509120] INFO perfrun.launcher <> - DirectoryMonitor object was destroyed
24596 [140676268509120] WARN perfrun.launcher <> - Stop command is ignored because it is received when collection is already stopped, at file: vcs/perfrun1/launcher/src/command_handler.cpp:226
24603 [140676268509120] INFO perfrun.launcher <> - Application exit code: 0
24604 [140676268509120] INFO perfrun.launcher <> - Exit code: 0
